# JRE version: Java(TM) SE Runtime Environment (8.0_45-b14) (build 1.8.0_45-b14)
# Java VM: Java HotSpot(TM) 64-Bit Server VM (25.45-b02 mixed mode linux-amd64 compressed oops)
Heap:
 PSYoungGen      total 157696K, used 63995K [0x00000000eb300000, 0x00000000f8b80000, 0x0000000100000000)
  eden space 93696K, 0% used [0x00000000eb300000,0x00000000eb300000,0x00000000f0e80000)
  from space 64000K, 99% used [0x00000000f0e80000,0x00000000f4cfef48,0x00000000f4d00000)
  to   space 59904K, 0% used [0x00000000f5080000,0x00000000f5080000,0x00000000f8b00000)
 ParOldGen       total 216064K, used 135822K [0x00000000c1800000, 0x00000000ceb00000, 0x00000000eb300000)
  object space 216064K, 62% used [0x00000000c1800000,0x00000000c9ca3b00,0x00000000ceb00000)
 Metaspace       used 7085K, capacity 7345K, committed 7552K, reserved 1056768K
  class space    used 725K, capacity 819K, committed 896K, reserved 1048576K
GC Heap History (10 events):
Event: 5.000 GC heap after
Heap after GC invocations=7 (full 2):
 PSYoungGen      total 64000K, used 0K [0x00000000eb300000, 0x00000000f3800000, 0x0000000100000000)
  eden space 61440K, 0% used [0x00000000eb300000,0x00000000eb300000,0x00000000eef00000)
  from space 2560K, 0% used [0x00000000eef00000,0x00000000eef00000,0x00000000ef180000)
  to   space 30720K, 0% used [0x00000000f1a00000,0x00000000f1a00000,0x00000000f3800000)
 ParOldGen       total 133120K, used 66916K [0x00000000c1800000, 0x00000000c9a00000, 0x00000000eb300000)
  object space 133120K, 50% used [0x00000000c1800000,0x00000000c5959178,0x00000000c9a00000)
 Metaspace       used 5734K, capacity 5918K, committed 6144K, reserved 1056768K
  class space    used 616K, capacity 681K, committed 768K, reserved 1048576K
}
Event: 5.392 GC heap before
{Heap before GC invocations=8 (full 2):
 PSYoungGen      total 64000K, used 61440K [0x00000000eb300000, 0x00000000f3800000, 0x0000000100000000)
  eden space 61440K, 100% used [0x00000000eb300000,0x00000000eef00000,0x00000000eef00000)
  from space 2560K, 0% used [0x00000000eef00000,0x00000000eef00000,0x00000000ef180000)
  to   space 30720K, 0% used [0x00000000f1a00000,0x00000000f1a00000,0x00000000f3800000)
 ParOldGen       total 133120K, used 66916K [0x00000000c1800000, 0x00000000c9a00000, 0x00000000eb300000)
  object space 133120K, 50% used [0x00000000c1800000,0x00000000c5959178,0x00000000c9a00000)
 Metaspace       used 5734K, capacity 5918K, committed 6144K, reserved 1056768K
  class space    used 616K, capacity 681K, committed 768K, reserved 1048576K
Event: 5.559 GC heap after
Heap after GC invocations=8 (full 2):
 PSYoungGen      total 98304K, used 30688K [0x00000000eb300000, 0x00000000f4f80000, 0x0000000100000000)
  eden space 67584K, 0% used [0x00000000eb300000,0x00000000eb300000,0x00000000ef500000)
  from space 30720K, 99% used [0x00000000f1a00000,0x00000000f37f8010,0x00000000f3800000)
  to   space 37888K, 0% used [0x00000000ef500000,0x00000000ef500000,0x00000000f1a00000)
 ParOldGen       total 133120K, used 69140K [0x00000000c1800000, 0x00000000c9a00000, 0x00000000eb300000)
  object space 133120K, 51% used [0x00000000c1800000,0x00000000c5b85178,0x00000000c9a00000)
 Metaspace       used 5734K, capacity 5918K, committed 6144K, reserved 1056768K
  class space    used 616K, capacity 681K, committed 768K, reserved 1048576K
}
Event: 5.842 GC heap before
{Heap before GC invocations=9 (full 2):
 PSYoungGen      total 98304K, used 90209K [0x00000000eb300000, 0x00000000f4f80000, 0x0000000100000000)
  eden space 67584K, 88% used [0x00000000eb300000,0x00000000eed204e0,0x00000000ef500000)
  from space 30720K, 99% used [0x00000000f1a00000,0x00000000f37f8010,0x00000000f3800000)
  to   space 37888K, 0% used [0x00000000ef500000,0x00000000ef500000,0x00000000f1a00000)
 ParOldGen       total 133120K, used 69140K [0x00000000c1800000, 0x00000000c9a00000, 0x00000000eb300000)
  object space 133120K, 51% used [0x00000000c1800000,0x00000000c5b85178,0x00000000c9a00000)
 Metaspace       used 5734K, capacity 5918K, committed 6144K, reserved 1056768K
  class space    used 616K, capacity 681K, committed 768K, reserved 1048576K
Event: 6.160 GC heap after
Heap after GC invocations=9 (full 2):
 PSYoungGen      total 105472K, used 37856K [0x00000000eb300000, 0x00000000f8b00000, 0x0000000100000000)
  eden space 67584K, 0% used [0x00000000eb300000,0x00000000eb300000,0x00000000ef500000)
  from space 37888K, 99% used [0x00000000ef500000,0x00000000f19f8030,0x00000000f1a00000)
  to   space 59904K, 0% used [0x00000000f5080000,0x00000000f5080000,0x00000000f8b00000)
 ParOldGen       total 133120K, used 98372K [0x00000000c1800000, 0x00000000c9a00000, 0x00000000eb300000)
  object space 133120K, 73% used [0x00000000c1800000,0x00000000c7811178,0x00000000c9a00000)
 Metaspace       used 5734K, capacity 5918K, committed 6144K, reserved 1056768K
  class space    used 616K, capacity 681K, committed 768K, reserved 1048576K
}
Event: 6.160 GC heap before
{Heap before GC invocations=10 (full 3):
 PSYoungGen      total 105472K, used 37856K [0x00000000eb300000, 0x00000000f8b00000, 0x0000000100000000)
  eden space 67584K, 0% used [0x00000000eb300000,0x00000000eb300000,0x00000000ef500000)
  from space 37888K, 99% used [0x00000000ef500000,0x00000000f19f8030,0x00000000f1a00000)
  to   space 59904K, 0% used [0x00000000f5080000,0x00000000f5080000,0x00000000f8b00000)
 ParOldGen       total 133120K, used 98372K [0x00000000c1800000, 0x00000000c9a00000, 0x00000000eb300000)
  object space 133120K, 73% used [0x00000000c1800000,0x00000000c7811178,0x00000000c9a00000)
 Metaspace       used 5734K, capacity 5918K, committed 6144K, reserved 1056768K
  class space    used 616K, capacity 681K, committed 768K, reserved 1048576K
Event: 7.216 GC heap after
Heap after GC invocations=10 (full 3):
 PSYoungGen      total 105472K, used 0K [0x00000000eb300000, 0x00000000f8b00000, 0x0000000100000000)
  eden space 67584K, 0% used [0x00000000eb300000,0x00000000eb300000,0x00000000ef500000)
  from space 37888K, 0% used [0x00000000ef500000,0x00000000ef500000,0x00000000f1a00000)
  to   space 59904K, 0% used [0x00000000f5080000,0x00000000f5080000,0x00000000f8b00000)
 ParOldGen       total 216064K, used 129734K [0x00000000c1800000, 0x00000000ceb00000, 0x00000000eb300000)
  object space 216064K, 60% used [0x00000000c1800000,0x00000000c96b1b38,0x00000000ceb00000)
 Metaspace       used 5734K, capacity 5918K, committed 6144K, reserved 1056768K
  class space    used 616K, capacity 681K, committed 768K, reserved 1048576K
}
Event: 9.194 GC heap before
{Heap before GC invocations=11 (full 3):
 PSYoungGen      total 105472K, used 67584K [0x00000000eb300000, 0x00000000f8b00000, 0x0000000100000000)
  eden space 67584K, 100% used [0x00000000eb300000,0x00000000ef500000,0x00000000ef500000)
  from space 37888K, 0% used [0x00000000ef500000,0x00000000ef500000,0x00000000f1a00000)
  to   space 59904K, 0% used [0x00000000f5080000,0x00000000f5080000,0x00000000f8b00000)
 ParOldGen       total 216064K, used 129734K [0x00000000c1800000, 0x00000000ceb00000, 0x00000000eb300000)
  object space 216064K, 60% used [0x00000000c1800000,0x00000000c96b1b38,0x00000000ceb00000)
 Metaspace       used 5761K, capacity 5924K, committed 6144K, reserved 1056768K
  class space    used 619K, capacity 682K, committed 768K, reserved 1048576K
Event: 9.452 GC heap after
Heap after GC invocations=11 (full 3):
 PSYoungGen      total 153600K, used 45119K [0x00000000eb300000, 0x00000000f8b80000, 0x0000000100000000)
  eden space 93696K, 0% used [0x00000000eb300000,0x00000000eb300000,0x00000000f0e80000)
  from space 59904K, 75% used [0x00000000f5080000,0x00000000f7c8fc60,0x00000000f8b00000)
  to   space 64000K, 0% used [0x00000000f0e80000,0x00000000f0e80000,0x00000000f4d00000)
 ParOldGen       total 216064K, used 129734K [0x00000000c1800000, 0x00000000ceb00000, 0x00000000eb300000)
  object space 216064K, 60% used [0x00000000c1800000,0x00000000c96b1b38,0x00000000ceb00000)
 Metaspace       used 5761K, capacity 5924K, committed 6144K, reserved 1056768K
  class space    used 619K, capacity 682K, committed 768K, reserved 1048576K
}
Event: 2495.685 GC heap before
{Heap before GC invocations=12 (full 3):
 PSYoungGen      total 153600K, used 138815K [0x00000000eb300000, 0x00000000f8b80000, 0x0000000100000000)
  eden space 93696K, 100% used [0x00000000eb300000,0x00000000f0e80000,0x00000000f0e80000)
  from space 59904K, 75% used [0x00000000f5080000,0x00000000f7c8fc60,0x00000000f8b00000)
  to   space 64000K, 0% used [0x00000000f0e80000,0x00000000f0e80000,0x00000000f4d00000)
 ParOldGen       total 216064K, used 129734K [0x00000000c1800000, 0x00000000ceb00000, 0x00000000eb300000)
  object space 216064K, 60% used [0x00000000c1800000,0x00000000c96b1b38,0x00000000ceb00000)
 Metaspace       used 7085K, capacity 7345K, committed 7552K, reserved 1056768K
  class space    used 725K, capacity 819K, committed 896K, reserved 1048576K

